Determining if the pthread_create exist failed with the following output:
Change Dir: /home/svakhreev/Projects/CameraManagerCore/3rdParty/onvif_wrapper/cmake-build-debug/CMakeFiles/CMakeTmp

Run Build Command:"/usr/bin/make" "cmTC_31ca6/fast"
/usr/bin/make -f CMakeFiles/cmTC_31ca6.dir/build.make CMakeFiles/cmTC_31ca6.dir/build
make[1]: вход в каталог «/home/svakhreev/Projects/CameraManagerCore/3rdParty/onvif_wrapper/cmake-build-debug/CMakeFiles/CMakeTmp»
Building C object CMakeFiles/cmTC_31ca6.dir/CheckSymbolExists.c.o
/usr/bin/cc     -o CMakeFiles/cmTC_31ca6.dir/CheckSymbolExists.c.o   -c /home/svakhreev/Projects/CameraManagerCore/3rdParty/onvif_wrapper/cmake-build-debug/CMakeFiles/CMakeTmp/CheckSymbolExists.c
Linking C executable cmTC_31ca6
/home/svakhreev/ide/clion-2016.2.2/bin/cmake/bin/cmake -E cmake_link_script CMakeFiles/cmTC_31ca6.dir/link.txt --verbose=1
/usr/bin/cc       CMakeFiles/cmTC_31ca6.dir/CheckSymbolExists.c.o  -o cmTC_31ca6 -rdynamic 
CMakeFiles/cmTC_31ca6.dir/CheckSymbolExists.c.o: In function `main':
CheckSymbolExists.c:(.text+0x16): undefined reference to `pthread_create'
collect2: ошибка: выполнение ld завершилось с кодом возврата 1
CMakeFiles/cmTC_31ca6.dir/build.make:97: ошибка выполнения рецепта для цели «cmTC_31ca6»
make[1]: *** [cmTC_31ca6] Ошибка 1
make[1]: выход из каталога «/home/svakhreev/Projects/CameraManagerCore/3rdParty/onvif_wrapper/cmake-build-debug/CMakeFiles/CMakeTmp»
Makefile:126: ошибка выполнения рецепта для цели «cmTC_31ca6/fast»
make: *** [cmTC_31ca6/fast] Ошибка 2

File /home/svakhreev/Projects/CameraManagerCore/3rdParty/onvif_wrapper/cmake-build-debug/CMakeFiles/CMakeTmp/CheckSymbolExists.c:
/* */
#include <pthread.h>

int main(int argc, char** argv)
{
  (void)argv;
#ifndef pthread_create
  return ((int*)(&pthread_create))[argc];
#else
  (void)argc;
  return 0;
#endif
}

Determining if the function pthread_create exists in the pthreads failed with the following output:
Change Dir: /home/svakhreev/Projects/CameraManagerCore/3rdParty/onvif_wrapper/cmake-build-debug/CMakeFiles/CMakeTmp

Run Build Command:"/usr/bin/make" "cmTC_54c99/fast"
/usr/bin/make -f CMakeFiles/cmTC_54c99.dir/build.make CMakeFiles/cmTC_54c99.dir/build
make[1]: вход в каталог «/home/svakhreev/Projects/CameraManagerCore/3rdParty/onvif_wrapper/cmake-build-debug/CMakeFiles/CMakeTmp»
Building C object CMakeFiles/cmTC_54c99.dir/CheckFunctionExists.c.o
/usr/bin/cc    -DCHECK_FUNCTION_EXISTS=pthread_create   -o CMakeFiles/cmTC_54c99.dir/CheckFunctionExists.c.o   -c /home/svakhreev/ide/clion-2016.2.2/bin/cmake/share/cmake-3.7/Modules/CheckFunctionExists.c
Linking C executable cmTC_54c99
/home/svakhreev/ide/clion-2016.2.2/bin/cmake/bin/cmake -E cmake_link_script CMakeFiles/cmTC_54c99.dir/link.txt --verbose=1
/usr/bin/cc   -DCHECK_FUNCTION_EXISTS=pthread_create    CMakeFiles/cmTC_54c99.dir/CheckFunctionExists.c.o  -o cmTC_54c99 -rdynamic -lpthreads 
/usr/bin/ld: cannot find -lpthreads
collect2: ошибка: выполнение ld завершилось с кодом возврата 1
CMakeFiles/cmTC_54c99.dir/build.make:97: ошибка выполнения рецепта для цели «cmTC_54c99»
make[1]: *** [cmTC_54c99] Ошибка 1
make[1]: выход из каталога «/home/svakhreev/Projects/CameraManagerCore/3rdParty/onvif_wrapper/cmake-build-debug/CMakeFiles/CMakeTmp»
Makefile:126: ошибка выполнения рецепта для цели «cmTC_54c99/fast»
make: *** [cmTC_54c99/fast] Ошибка 2


